fuck it
twice
[31mUnhandled rejection Error: Failed to load url
    at checkStatus (/home/simscomputing/OddsStory/node_modules/node-horseman/lib/index.js:292:16)
    at tryCatcher (/home/simscomputing/OddsStory/node_modules/bluebird/js/release/util.js:16:23)
    at Function.Promise.attempt.Promise.try (/home/simscomputing/OddsStory/node_modules/bluebird/js/release/method.js:39:29)
    at Object.loadFinishedSetup [as onLoadFinished] (/home/simscomputing/OddsStory/node_modules/node-horseman/lib/index.js:290:43)
    at /home/simscomputing/OddsStory/node_modules/node-phantom-simple/node-phantom-simple.js:636:30
    at Array.forEach (native)
    at IncomingMessage.<anonymous> (/home/simscomputing/OddsStory/node_modules/node-phantom-simple/node-phantom-simple.js:617:17)
    at emitNone (events.js:72:20)
    at IncomingMessage.emit (events.js:166:7)
    at endReadableNT (_stream_readable.js:905:12)
    at nextTickCallbackWith2Args (node.js:441:9)
    at process._tickCallback (node.js:355:17)[0m

[31mUnhandled rejection TypeError: Cannot read property 'length' of undefined
    at Horseman.<anonymous> (/home/simscomputing/OddsStory/wnba.js:170:21)
    at Horseman.tryCatcher (/home/simscomputing/OddsStory/node_modules/bluebird/js/release/util.js:16:23)
    at Promise._settlePromiseFromHandler (/home/simscomputing/OddsStory/node_modules/bluebird/js/release/promise.js:512:31)
    at Promise._settlePromise (/home/simscomputing/OddsStory/node_modules/bluebird/js/release/promise.js:569:18)
    at Promise._settlePromise0 (/home/simscomputing/OddsStory/node_modules/bluebird/js/release/promise.js:614:10)
    at Promise._settlePromises (/home/simscomputing/OddsStory/node_modules/bluebird/js/release/promise.js:693:18)
    at Async._drainQueue (/home/simscomputing/OddsStory/node_modules/bluebird/js/release/async.js:133:16)
    at Async._drainQueues (/home/simscomputing/OddsStory/node_modules/bluebird/js/release/async.js:143:10)
    at Immediate.Async.drainQueues [as _onImmediate] (/home/simscomputing/OddsStory/node_modules/bluebird/js/release/async.js:17:14)
    at processImmediate [as _immediateCallback] (timers.js:383:17)[0m

[31mUnhandled rejection TimeoutError: timeout during .waitFor() after 5025 ms
    at waitForCheck (/home/simscomputing/OddsStory/node_modules/node-horseman/lib/actions.js:1688:13)
    at wrapper (timers.js:275:11)
    at Timer.listOnTimeout (timers.js:92:15)[0m

fuck it
twice
[31mUnhandled rejection fn
evaluate

global code
evaluateJavaScript@[native code]
evaluate@phantomjs://platform/webpage.js:390:39
phantomjs://code/bridge.js:121:61    at Horseman.<anonymous> (/home/simscomputing/OddsStory/node_modules/node-horseman/lib/actions.js:839:38)
    at Horseman.tryCatcher (/home/simscomputing/OddsStory/node_modules/bluebird/js/release/util.js:16:23)
    at Promise._settlePromiseFromHandler (/home/simscomputing/OddsStory/node_modules/bluebird/js/release/promise.js:512:31)
    at Promise._settlePromise (/home/simscomputing/OddsStory/node_modules/bluebird/js/release/promise.js:569:18)
    at Promise._settlePromiseCtx (/home/simscomputing/OddsStory/node_modules/bluebird/js/release/promise.js:606:10)
    at Async._drainQueue (/home/simscomputing/OddsStory/node_modules/bluebird/js/release/async.js:138:12)
    at Async._drainQueues (/home/simscomputing/OddsStory/node_modules/bluebird/js/release/async.js:143:10)
    at Immediate.Async.drainQueues [as _onImmediate] (/home/simscomputing/OddsStory/node_modules/bluebird/js/release/async.js:17:14)
    at processImmediate [as _immediateCallback] (timers.js:383:17)[0m

[31mUnhandled rejection Error: Failed to load url
    at checkStatus (/home/simscomputing/OddsStory/node_modules/node-horseman/lib/index.js:292:16)
    at tryCatcher (/home/simscomputing/OddsStory/node_modules/bluebird/js/release/util.js:16:23)
    at Function.Promise.attempt.Promise.try (/home/simscomputing/OddsStory/node_modules/bluebird/js/release/method.js:39:29)
    at Object.loadFinishedSetup [as onLoadFinished] (/home/simscomputing/OddsStory/node_modules/node-horseman/lib/index.js:290:43)
    at /home/simscomputing/OddsStory/node_modules/node-phantom-simple/node-phantom-simple.js:636:30
    at Array.forEach (native)
    at IncomingMessage.<anonymous> (/home/simscomputing/OddsStory/node_modules/node-phantom-simple/node-phantom-simple.js:617:17)
    at emitNone (events.js:72:20)
    at IncomingMessage.emit (events.js:166:7)
    at endReadableNT (_stream_readable.js:905:12)
    at nextTickCallbackWith2Args (node.js:441:9)
    at process._tickCallback (node.js:355:17)[0m

[31mUnhandled rejection TimeoutError: timeout during .waitFor() after 5002 ms
    at waitForCheck (/home/simscomputing/OddsStory/node_modules/node-horseman/lib/actions.js:1688:13)
    at wrapper (timers.js:275:11)
    at Timer.listOnTimeout (timers.js:92:15)[0m

[31mUnhandled rejection TypeError: Cannot read property 'length' of undefined
    at Horseman.<anonymous> (/home/simscomputing/OddsStory/wnba.js:170:21)
    at Horseman.tryCatcher (/home/simscomputing/OddsStory/node_modules/bluebird/js/release/util.js:16:23)
    at Promise._settlePromiseFromHandler (/home/simscomputing/OddsStory/node_modules/bluebird/js/release/promise.js:512:31)
    at Promise._settlePromise (/home/simscomputing/OddsStory/node_modules/bluebird/js/release/promise.js:569:18)
    at Promise._settlePromise0 (/home/simscomputing/OddsStory/node_modules/bluebird/js/release/promise.js:614:10)
    at Promise._settlePromises (/home/simscomputing/OddsStory/node_modules/bluebird/js/release/promise.js:693:18)
    at Async._drainQueue (/home/simscomputing/OddsStory/node_modules/bluebird/js/release/async.js:133:16)
    at Async._drainQueues (/home/simscomputing/OddsStory/node_modules/bluebird/js/release/async.js:143:10)
    at Immediate.Async.drainQueues [as _onImmediate] (/home/simscomputing/OddsStory/node_modules/bluebird/js/release/async.js:17:14)
    at processImmediate [as _immediateCallback] (timers.js:383:17)[0m

