Retrieving nba games odds on Pinnacle...
Retrieving nba games odds on Winamax
Retrieving nba games odds on Betclic...
Retrieving nba games odds on Unibet...
Retrieving nba games odds on Bwin...
Successfully retrieved odds on Unibet: 
It took 11.35 seconds to retrieve 1 odds. Date : 4/6/117 - 11:52
Successfully retrieved odds on Betclic: 
It took 11.955 seconds to retrieve 1 odds. Date : 4/6/117 - 11:52
Successfully retrieved odds on Pinnacle
It took 12.52 seconds to retrieve 1 odds. Date : 4/6/117 - 11:52
Successfully retrieved odds on Winamax
It took 13.059 seconds to retrieve 1 odds. Date : 4/6/117 - 11:52
Successfully retrieved odds on Bwin
It took 15.1 seconds to retrieve 1 odds. Date : 4/6/117 - 11:52
Retrieving nba games odds on Pinnacle...
Retrieving nba games odds on Winamax
Retrieving nba games odds on Betclic...
Retrieving nba games odds on Unibet...
Retrieving nba games odds on Bwin...
Error: Failed to load url
Successfully retrieved odds on Pinnacle
It took 10.701 seconds to retrieve 1 odds. Date : 4/6/117 - 11:53
Successfully retrieved odds on Winamax
It took 11.19 seconds to retrieve 1 odds. Date : 4/6/117 - 11:53
Successfully retrieved odds on Betclic: 
It took 12.411 seconds to retrieve 1 odds. Date : 4/6/117 - 11:53
Successfully retrieved odds on Bwin
It took 17.418 seconds to retrieve 1 odds. Date : 4/6/117 - 11:53
Retrieving nba games odds on Pinnacle...
Retrieving nba games odds on Winamax
Retrieving nba games odds on Betclic...
Retrieving nba games odds on Unibet...
Retrieving nba games odds on Bwin...
Error: Failed to load url
Successfully retrieved odds on Winamax
It took 11.114 seconds to retrieve 1 odds. Date : 4/6/117 - 11:54
Successfully retrieved odds on Pinnacle
It took 12.21 seconds to retrieve 1 odds. Date : 4/6/117 - 11:54
Successfully retrieved odds on Betclic: 
It took 12.266 seconds to retrieve 1 odds. Date : 4/6/117 - 11:54
Successfully retrieved odds on Bwin
It took 16.299 seconds to retrieve 1 odds. Date : 4/6/117 - 11:54
Retrieving nba games odds on Pinnacle...
Retrieving nba games odds on Winamax
Retrieving nba games odds on Betclic...
Retrieving nba games odds on Unibet...
Retrieving nba games odds on Bwin...
Error: Failed to load url
Successfully retrieved odds on Pinnacle
It took 11.148 seconds to retrieve 1 odds. Date : 4/6/117 - 11:55
Successfully retrieved odds on Betclic: 
It took 11.581 seconds to retrieve 1 odds. Date : 4/6/117 - 11:55
Successfully retrieved odds on Winamax
It took 11.703 seconds to retrieve 1 odds. Date : 4/6/117 - 11:55
Successfully retrieved odds on Bwin
It took 14.334 seconds to retrieve 1 odds. Date : 4/6/117 - 11:55
Retrieving nba games odds on Pinnacle...
Retrieving nba games odds on Winamax
Retrieving nba games odds on Betclic...
Retrieving nba games odds on Unibet...
Retrieving nba games odds on Bwin...
Error: Failed to load url
Successfully retrieved odds on Pinnacle
It took 12.85 seconds to retrieve 1 odds. Date : 4/6/117 - 11:56
Successfully retrieved odds on Winamax
It took 13.029 seconds to retrieve 1 odds. Date : 4/6/117 - 11:56
Successfully retrieved odds on Betclic: 
It took 18.253 seconds to retrieve 1 odds. Date : 4/6/117 - 11:56
Successfully retrieved odds on Bwin
It took 19.598 seconds to retrieve 1 odds. Date : 4/6/117 - 11:56
Retrieving nba games odds on Pinnacle...
Retrieving nba games odds on Winamax
Retrieving nba games odds on Betclic...
Retrieving nba games odds on Unibet...
Retrieving nba games odds on Bwin...
Successfully retrieved odds on Unibet: 
It took 11.217 seconds to retrieve 1 odds. Date : 4/6/117 - 11:57
Successfully retrieved odds on Pinnacle
It took 11.516 seconds to retrieve 1 odds. Date : 4/6/117 - 11:57
Successfully retrieved odds on Winamax
It took 12.09 seconds to retrieve 1 odds. Date : 4/6/117 - 11:57
Successfully retrieved odds on Betclic: 
It took 13.342 seconds to retrieve 1 odds. Date : 4/6/117 - 11:57
Successfully retrieved odds on Bwin
It took 19.053 seconds to retrieve 1 odds. Date : 4/6/117 - 11:57
Retrieving nba games odds on Pinnacle...
Retrieving nba games odds on Winamax
Retrieving nba games odds on Betclic...
Retrieving nba games odds on Unibet...
Retrieving nba games odds on Bwin...
Error: Failed to load url
Successfully retrieved odds on Betclic: 
It took 12.022 seconds to retrieve 1 odds. Date : 4/6/117 - 11:58
Successfully retrieved odds on Pinnacle
It took 12.059 seconds to retrieve 1 odds. Date : 4/6/117 - 11:58
Successfully retrieved odds on Winamax
It took 12.523 seconds to retrieve 1 odds. Date : 4/6/117 - 11:58
Successfully retrieved odds on Bwin
It took 19.043 seconds to retrieve 1 odds. Date : 4/6/117 - 11:58
Retrieving nba games odds on Pinnacle...
Retrieving nba games odds on Winamax
Retrieving nba games odds on Betclic...
Retrieving nba games odds on Unibet...
Retrieving nba games odds on Bwin...
Retrieving nba games odds on Pinnacle...
Retrieving nba games odds on Bwin...
Retrieving nba games odds on Winamax
Retrieving nba games odds on Betclic...
Retrieving nba games odds on Unibet...
HeadlessError: Error parsing JSON from phantom: SyntaxError: Unexpected token E
Data from phantom was: Error 403: Directory Listing Denied
Directory listing denied
HeadlessError: Phantom Process died
Error: Failed to load url
Successfully retrieved odds on Pinnacle
It took 12.271 seconds to retrieve 1 odds. Date : 4/6/117 - 12:38
Successfully retrieved odds on Betclic: 
It took 12.406 seconds to retrieve 1 odds. Date : 4/6/117 - 12:38
Successfully retrieved odds on Winamax
It took 12.617 seconds to retrieve 1 odds. Date : 4/6/117 - 12:38
Successfully retrieved odds on Bwin
It took 14.002 seconds to retrieve 1 odds. Date : 4/6/117 - 12:38
Retrieving nba games odds on Pinnacle...
Retrieving nba games odds on Winamax
Retrieving nba games odds on Betclic...
Retrieving nba games odds on Unibet...
Retrieving nba games odds on Bwin...
Successfully retrieved odds on Unibet: 
It took 10.964 seconds to retrieve 1 odds. Date : 4/6/117 - 13:7
Successfully retrieved odds on Winamax
It took 13.109 seconds to retrieve 1 odds. Date : 4/6/117 - 13:7
Successfully retrieved odds on Pinnacle
It took 13.259 seconds to retrieve 1 odds. Date : 4/6/117 - 13:7
Successfully retrieved odds on Betclic: 
It took 13.27 seconds to retrieve 1 odds. Date : 4/6/117 - 13:7
Successfully retrieved odds on Bwin
It took 15.688 seconds to retrieve 1 odds. Date : 4/6/117 - 13:7
Retrieving nba games odds on Pinnacle...
Retrieving nba games odds on Winamax
Retrieving nba games odds on Betclic...
Retrieving nba games odds on Unibet...
Retrieving nba games odds on Bwin...
Error: Failed to load url
Successfully retrieved odds on Pinnacle
It took 11.095 seconds to retrieve 1 odds. Date : 4/6/117 - 13:8
Successfully retrieved odds on Winamax
It took 11.611 seconds to retrieve 1 odds. Date : 4/6/117 - 13:8
Successfully retrieved odds on Bwin
It took 13.539 seconds to retrieve 1 odds. Date : 4/6/117 - 13:8
Successfully retrieved odds on Betclic: 
It took 17.245 seconds to retrieve 1 odds. Date : 4/6/117 - 13:8
Retrieving nba games odds on Pinnacle...
Retrieving nba games odds on Winamax
Retrieving nba games odds on Betclic...
Retrieving nba games odds on Unibet...
Retrieving nba games odds on Bwin...
Error: Failed to load url
Successfully retrieved odds on Pinnacle
It took 11.129 seconds to retrieve 1 odds. Date : 4/6/117 - 13:9
Successfully retrieved odds on Betclic: 
It took 11.155 seconds to retrieve 1 odds. Date : 4/6/117 - 13:9
Successfully retrieved odds on Winamax
It took 11.612 seconds to retrieve 1 odds. Date : 4/6/117 - 13:9
Successfully retrieved odds on Bwin
It took 14.621 seconds to retrieve 1 odds. Date : 4/6/117 - 13:9
Retrieving nba games odds on Pinnacle...
Retrieving nba games odds on Winamax
Retrieving nba games odds on Betclic...
Retrieving nba games odds on Unibet...
Retrieving nba games odds on Bwin...
Successfully retrieved odds on Unibet: 
It took 11.168 seconds to retrieve 1 odds. Date : 4/6/117 - 13:10
Successfully retrieved odds on Pinnacle
It took 11.784 seconds to retrieve 1 odds. Date : 4/6/117 - 13:10
Successfully retrieved odds on Betclic: 
It took 12.114 seconds to retrieve 1 odds. Date : 4/6/117 - 13:10
Successfully retrieved odds on Winamax
It took 12.189 seconds to retrieve 1 odds. Date : 4/6/117 - 13:10
Successfully retrieved odds on Bwin
It took 13.852 seconds to retrieve 1 odds. Date : 4/6/117 - 13:10
Retrieving nba games odds on Pinnacle...
Retrieving nba games odds on Winamax
Retrieving nba games odds on Betclic...
Retrieving nba games odds on Unibet...
Retrieving nba games odds on Bwin...
Error: Failed to load url
Successfully retrieved odds on Pinnacle
It took 11.423 seconds to retrieve 1 odds. Date : 4/6/117 - 13:11
Successfully retrieved odds on Winamax
It took 11.95 seconds to retrieve 1 odds. Date : 4/6/117 - 13:11
Successfully retrieved odds on Betclic: 
It took 11.959 seconds to retrieve 1 odds. Date : 4/6/117 - 13:11
Successfully retrieved odds on Bwin
It took 13.813 seconds to retrieve 1 odds. Date : 4/6/117 - 13:11
Retrieving nba games odds on Pinnacle...
Retrieving nba games odds on Winamax
Retrieving nba games odds on Betclic...
Retrieving nba games odds on Unibet...
Retrieving nba games odds on Bwin...
Successfully retrieved odds on Unibet: 
It took 11.682 seconds to retrieve 1 odds. Date : 4/6/117 - 13:12
Successfully retrieved odds on Pinnacle
It took 11.905 seconds to retrieve 1 odds. Date : 4/6/117 - 13:12
Successfully retrieved odds on Betclic: 
It took 12.464 seconds to retrieve 1 odds. Date : 4/6/117 - 13:12
Successfully retrieved odds on Winamax
It took 13.141 seconds to retrieve 1 odds. Date : 4/6/117 - 13:12
Successfully retrieved odds on Bwin
It took 14.791 seconds to retrieve 1 odds. Date : 4/6/117 - 13:12
Retrieving nba games odds on Pinnacle...
Retrieving nba games odds on Winamax
Retrieving nba games odds on Betclic...
Retrieving nba games odds on Unibet...
Retrieving nba games odds on Bwin...
Retrieving nba games odds on Pinnacle...
Retrieving nba games odds on Winamax
Retrieving nba games odds on Betclic...
Retrieving nba games odds on Unibet...
Retrieving nba games odds on Bwin...
HeadlessError: Phantom Process died
HeadlessError: Phantom Process died
HeadlessError: Phantom Process died
Successfully retrieved odds on Pinnacle
It took 1266.146 seconds to retrieve 1 odds. Date : 4/6/117 - 13:34
Error: Failed to load url
Successfully retrieved odds on Betclic: 
It took 12.173 seconds to retrieve 1 odds. Date : 4/6/117 - 13:34
Successfully retrieved odds on Pinnacle
It took 12.468 seconds to retrieve 1 odds. Date : 4/6/117 - 13:34
Successfully retrieved odds on Winamax
It took 12.614 seconds to retrieve 1 odds. Date : 4/6/117 - 13:34
Successfully retrieved odds on Bwin
It took 15.977 seconds to retrieve 1 odds. Date : 4/6/117 - 13:34
Retrieving nba games odds on Pinnacle...
Retrieving nba games odds on Winamax
Retrieving nba games odds on Betclic...
Retrieving nba games odds on Unibet...
Retrieving nba games odds on Bwin...
Error: Failed to load url
Successfully retrieved odds on Betclic: 
It took 10.374 seconds to retrieve 1 odds. Date : 4/6/117 - 13:50
Successfully retrieved odds on Winamax
It took 11.11 seconds to retrieve 1 odds. Date : 4/6/117 - 13:50
Successfully retrieved odds on Pinnacle
It took 11.418 seconds to retrieve 1 odds. Date : 4/6/117 - 13:50
Successfully retrieved odds on Bwin
It took 13.101 seconds to retrieve 1 odds. Date : 4/6/117 - 13:50
Retrieving nba games odds on Pinnacle...
Retrieving nba games odds on Winamax
Retrieving nba games odds on Betclic...
Retrieving nba games odds on Unibet...
Retrieving nba games odds on Bwin...
Successfully retrieved odds on Unibet: 
It took 10.816 seconds to retrieve 1 odds. Date : 4/6/117 - 13:51
Successfully retrieved odds on Pinnacle
It took 11.454 seconds to retrieve 1 odds. Date : 4/6/117 - 13:51
Successfully retrieved odds on Betclic: 
It took 11.53 seconds to retrieve 1 odds. Date : 4/6/117 - 13:51
Successfully retrieved odds on Winamax
It took 11.799 seconds to retrieve 1 odds. Date : 4/6/117 - 13:51
Successfully retrieved odds on Bwin
It took 13.68 seconds to retrieve 1 odds. Date : 4/6/117 - 13:51
Retrieving nba games odds on Pinnacle...
Retrieving nba games odds on Winamax
Retrieving nba games odds on Betclic...
Retrieving nba games odds on Unibet...
Retrieving nba games odds on Bwin...
Error: Failed to load url
Successfully retrieved odds on Pinnacle
It took 11.625 seconds to retrieve 1 odds. Date : 4/6/117 - 13:52
Successfully retrieved odds on Winamax
It took 12.144 seconds to retrieve 1 odds. Date : 4/6/117 - 13:52
Successfully retrieved odds on Bwin
It took 14.414 seconds to retrieve 1 odds. Date : 4/6/117 - 13:52
Successfully retrieved odds on Betclic: 
It took 14.807 seconds to retrieve 1 odds. Date : 4/6/117 - 13:52
Retrieving nba games odds on Pinnacle...
Retrieving nba games odds on Winamax
Retrieving nba games odds on Betclic...
Retrieving nba games odds on Unibet...
Retrieving nba games odds on Bwin...
Successfully retrieved odds on Unibet: 
It took 11.891 seconds to retrieve 1 odds. Date : 4/6/117 - 13:53
Successfully retrieved odds on Pinnacle
It took 12.292 seconds to retrieve 1 odds. Date : 4/6/117 - 13:53
Successfully retrieved odds on Betclic: 
It took 12.62 seconds to retrieve 1 odds. Date : 4/6/117 - 13:53
Successfully retrieved odds on Winamax
It took 12.746 seconds to retrieve 1 odds. Date : 4/6/117 - 13:53
Successfully retrieved odds on Bwin
It took 15.505 seconds to retrieve 1 odds. Date : 4/6/117 - 13:53
Retrieving nba games odds on Pinnacle...
Retrieving nba games odds on Winamax
Retrieving nba games odds on Betclic...
Retrieving nba games odds on Unibet...
Retrieving nba games odds on Bwin...
Successfully retrieved odds on Pinnacle
It took 10.588 seconds to retrieve 1 odds. Date : 4/6/117 - 13:54
Successfully retrieved odds on Unibet: 
It took 11.705 seconds to retrieve 1 odds. Date : 4/6/117 - 13:54
Successfully retrieved odds on Betclic: 
It took 12.242 seconds to retrieve 1 odds. Date : 4/6/117 - 13:54
Successfully retrieved odds on Winamax
It took 12.441 seconds to retrieve 1 odds. Date : 4/6/117 - 13:54
Successfully retrieved odds on Bwin
It took 15.273 seconds to retrieve 1 odds. Date : 4/6/117 - 13:54
Retrieving nba games odds on Pinnacle...
Retrieving nba games odds on Winamax
Retrieving nba games odds on Betclic...
Retrieving nba games odds on Unibet...
Retrieving nba games odds on Bwin...
Successfully retrieved odds on Unibet: 
It took 11.756 seconds to retrieve 1 odds. Date : 4/6/117 - 13:55
Successfully retrieved odds on Pinnacle
It took 12.58 seconds to retrieve 1 odds. Date : 4/6/117 - 13:55
Successfully retrieved odds on Betclic: 
It took 12.7 seconds to retrieve 1 odds. Date : 4/6/117 - 13:55
Successfully retrieved odds on Winamax
It took 13.252 seconds to retrieve 1 odds. Date : 4/6/117 - 13:55
Successfully retrieved odds on Bwin
It took 16.24 seconds to retrieve 1 odds. Date : 4/6/117 - 13:55
Retrieving nba games odds on Pinnacle...
Retrieving nba games odds on Winamax
Retrieving nba games odds on Betclic...
Retrieving nba games odds on Unibet...
Retrieving nba games odds on Bwin...
HeadlessError: Error parsing JSON from phantom: SyntaxError: Unexpected token E
Data from phantom was: Error 403: Directory Listing Denied
Directory listing denied
HeadlessError: Error parsing JSON from phantom: SyntaxError: Unexpected token E
Data from phantom was: Error 403: Directory Listing Denied
Directory listing denied
Successfully retrieved odds on Pinnacle
It took 54.428 seconds to retrieve 1 odds. Date : 4/6/117 - 13:57
HeadlessError: Phantom Process died
HeadlessError: Error parsing JSON from phantom: SyntaxError: Unexpected token E
Data from phantom was: Error 403: Directory Listing Denied
Directory listing denied
Retrieving nba games odds on Pinnacle...
Retrieving nba games odds on Winamax
Retrieving nba games odds on Betclic...
Retrieving nba games odds on Unibet...
Retrieving nba games odds on Bwin...
Successfully retrieved odds on Unibet: 
It took 9.58 seconds to retrieve 1 odds. Date : 4/6/117 - 13:57
Successfully retrieved odds on Pinnacle
It took 10.328 seconds to retrieve 1 odds. Date : 4/6/117 - 13:57
Successfully retrieved odds on Winamax
It took 11.172 seconds to retrieve 1 odds. Date : 4/6/117 - 13:57
Successfully retrieved odds on Bwin
It took 13.318 seconds to retrieve 1 odds. Date : 4/6/117 - 13:57
Successfully retrieved odds on Betclic: 
It took 15.281 seconds to retrieve 1 odds. Date : 4/6/117 - 13:57
Retrieving nba games odds on Pinnacle...
Retrieving nba games odds on Winamax
Retrieving nba games odds on Betclic...
Retrieving nba games odds on Unibet...
Retrieving nba games odds on Bwin...
Error: Failed to load url
Successfully retrieved odds on Pinnacle
It took 10.879 seconds to retrieve 1 odds. Date : 4/6/117 - 13:58
Successfully retrieved odds on Betclic: 
It took 10.906 seconds to retrieve 1 odds. Date : 4/6/117 - 13:58
Successfully retrieved odds on Winamax
It took 11.46 seconds to retrieve 1 odds. Date : 4/6/117 - 13:58
Successfully retrieved odds on Bwin
It took 12.946 seconds to retrieve 1 odds. Date : 4/6/117 - 13:58
Retrieving nba games odds on Pinnacle...
Retrieving nba games odds on Winamax
Retrieving nba games odds on Betclic...
Retrieving nba games odds on Unibet...
Retrieving nba games odds on Bwin...
Error: Failed to load url
Successfully retrieved odds on Pinnacle
It took 11.396 seconds to retrieve 1 odds. Date : 4/6/117 - 13:59
Successfully retrieved odds on Winamax
It took 12.003 seconds to retrieve 1 odds. Date : 4/6/117 - 13:59
Successfully retrieved odds on Bwin
It took 14.445 seconds to retrieve 1 odds. Date : 4/6/117 - 13:59
Successfully retrieved odds on Betclic: 
It took 14.929 seconds to retrieve 1 odds. Date : 4/6/117 - 13:59
Retrieving nba games odds on Pinnacle...
Retrieving nba games odds on Winamax
Retrieving nba games odds on Betclic...
Retrieving nba games odds on Unibet...
Retrieving nba games odds on Bwin...
Successfully retrieved odds on Pinnacle
It took 11.03 seconds to retrieve 1 odds. Date : 4/6/117 - 14:0
Error: Failed to load url
Successfully retrieved odds on Betclic: 
It took 11.686 seconds to retrieve 1 odds. Date : 4/6/117 - 14:0
Successfully retrieved odds on Winamax
It took 11.989 seconds to retrieve 1 odds. Date : 4/6/117 - 14:0
Successfully retrieved odds on Bwin
It took 14.533 seconds to retrieve 1 odds. Date : 4/6/117 - 14:0
Retrieving nba games odds on Pinnacle...
Retrieving nba games odds on Winamax
Retrieving nba games odds on Betclic...
Retrieving nba games odds on Unibet...
Retrieving nba games odds on Bwin...
Error: Failed to load url
Successfully retrieved odds on Pinnacle
It took 13.075 seconds to retrieve 1 odds. Date : 4/6/117 - 14:1
Successfully retrieved odds on Betclic: 
It took 13.365 seconds to retrieve 1 odds. Date : 4/6/117 - 14:1
Successfully retrieved odds on Winamax
It took 13.727 seconds to retrieve 1 odds. Date : 4/6/117 - 14:1
Successfully retrieved odds on Bwin
It took 16.152 seconds to retrieve 1 odds. Date : 4/6/117 - 14:1
Retrieving nba games odds on Pinnacle...
Retrieving nba games odds on Winamax
Retrieving nba games odds on Betclic...
Retrieving nba games odds on Unibet...
Retrieving nba games odds on Bwin...
Retrieving nba games odds on Pinnacle...
Retrieving nba games odds on Winamax
Retrieving nba games odds on Betclic...
Retrieving nba games odds on Unibet...
Retrieving nba games odds on Bwin...
HeadlessError: Phantom Process died
HeadlessError: Phantom Process died
HeadlessError: Phantom Process died
Error: Failed to load url
Successfully retrieved odds on Pinnacle
It took 11.828 seconds to retrieve 1 odds. Date : 4/6/117 - 14:3
Successfully retrieved odds on Betclic: 
It took 11.936 seconds to retrieve 1 odds. Date : 4/6/117 - 14:3
Successfully retrieved odds on Winamax
It took 12.411 seconds to retrieve 1 odds. Date : 4/6/117 - 14:3
Successfully retrieved odds on Bwin
It took 15.141 seconds to retrieve 1 odds. Date : 4/6/117 - 14:4
Retrieving nba games odds on Pinnacle...
Retrieving nba games odds on Winamax
Retrieving nba games odds on Betclic...
Retrieving nba games odds on Unibet...
Retrieving nba games odds on Bwin...
Successfully retrieved odds on Unibet: 
It took 9.876 seconds to retrieve 1 odds. Date : 4/6/117 - 14:4
Successfully retrieved odds on Pinnacle
It took 10.585 seconds to retrieve 1 odds. Date : 4/6/117 - 14:4
Successfully retrieved odds on Betclic: 
It took 10.799 seconds to retrieve 1 odds. Date : 4/6/117 - 14:4
Successfully retrieved odds on Winamax
It took 11.279 seconds to retrieve 1 odds. Date : 4/6/117 - 14:4
Successfully retrieved odds on Bwin
It took 13.634 seconds to retrieve 1 odds. Date : 4/6/117 - 14:4
Retrieving nba games odds on Pinnacle...
Retrieving nba games odds on Winamax
Retrieving nba games odds on Betclic...
Retrieving nba games odds on Unibet...
Retrieving nba games odds on Bwin...
Successfully retrieved odds on Unibet: 
It took 9.875 seconds to retrieve 1 odds. Date : 4/6/117 - 14:5
Successfully retrieved odds on Pinnacle
It took 11.851 seconds to retrieve 1 odds. Date : 4/6/117 - 14:5
Successfully retrieved odds on Winamax
It took 12.012 seconds to retrieve 1 odds. Date : 4/6/117 - 14:5
Successfully retrieved odds on Betclic: 
It took 14.174 seconds to retrieve 1 odds. Date : 4/6/117 - 14:6
Successfully retrieved odds on Bwin
It took 14.807 seconds to retrieve 1 odds. Date : 4/6/117 - 14:6
Retrieving nba games odds on Pinnacle...
Retrieving nba games odds on Winamax
Retrieving nba games odds on Betclic...
Retrieving nba games odds on Unibet...
Retrieving nba games odds on Bwin...
Error: Failed to load url
Successfully retrieved odds on Pinnacle
It took 11.829 seconds to retrieve 1 odds. Date : 4/6/117 - 14:6
Successfully retrieved odds on Betclic: 
It took 11.908 seconds to retrieve 1 odds. Date : 4/6/117 - 14:6
Successfully retrieved odds on Winamax
It took 12.204 seconds to retrieve 1 odds. Date : 4/6/117 - 14:6
Successfully retrieved odds on Bwin
It took 14.763 seconds to retrieve 1 odds. Date : 4/6/117 - 14:7
Retrieving nba games odds on Pinnacle...
Retrieving nba games odds on Winamax
Retrieving nba games odds on Betclic...
Retrieving nba games odds on Unibet...
Retrieving nba games odds on Bwin...
Successfully retrieved odds on Unibet: 
It took 11.088 seconds to retrieve 1 odds. Date : 4/6/117 - 14:7
Successfully retrieved odds on Pinnacle
It took 11.342 seconds to retrieve 1 odds. Date : 4/6/117 - 14:7
Successfully retrieved odds on Betclic: 
It took 11.773 seconds to retrieve 1 odds. Date : 4/6/117 - 14:7
Successfully retrieved odds on Winamax
It took 11.898 seconds to retrieve 1 odds. Date : 4/6/117 - 14:7
Successfully retrieved odds on Bwin
It took 13.75 seconds to retrieve 1 odds. Date : 4/6/117 - 14:8
Retrieving nba games odds on Pinnacle...
Retrieving nba games odds on Winamax
Retrieving nba games odds on Betclic...
Retrieving nba games odds on Unibet...
Retrieving nba games odds on Bwin...
Successfully retrieved odds on Unibet: 
It took 10.632 seconds to retrieve 1 odds. Date : 4/6/117 - 14:8
Successfully retrieved odds on Pinnacle
It took 12.356 seconds to retrieve 1 odds. Date : 4/6/117 - 14:8
Successfully retrieved odds on Betclic: 
It took 12.552 seconds to retrieve 1 odds. Date : 4/6/117 - 14:8
Successfully retrieved odds on Winamax
It took 12.767 seconds to retrieve 1 odds. Date : 4/6/117 - 14:8
Successfully retrieved odds on Bwin
It took 14.404 seconds to retrieve 1 odds. Date : 4/6/117 - 14:9
Retrieving nba games odds on Pinnacle...
Retrieving nba games odds on Winamax
Retrieving nba games odds on Betclic...
Retrieving nba games odds on Unibet...
Retrieving nba games odds on Bwin...
Retrieving nba games odds on Pinnacle...
Retrieving nba games odds on Bwin...
Retrieving nba games odds on Winamax
Retrieving nba games odds on Betclic...
Retrieving nba games odds on Unibet...
HeadlessError: Error parsing JSON from phantom: SyntaxError: Unexpected token E
Data from phantom was: Error 403: Directory Listing Denied
Directory listing denied
HeadlessError: Error parsing JSON from phantom: SyntaxError: Unexpected token E
Data from phantom was: Error 403: Directory Listing Denied
Directory listing denied
HeadlessError: Phantom Process died
HeadlessError: Phantom Process died
Error: Failed to load url
Successfully retrieved odds on Pinnacle
It took 310.008 seconds to retrieve 1 odds. Date : 4/6/117 - 14:37
Successfully retrieved odds on Winamax
It took 14.467 seconds to retrieve 1 odds. Date : 4/6/117 - 14:37
Successfully retrieved odds on Betclic: 
It took 14.317 seconds to retrieve 1 odds. Date : 4/6/117 - 14:37
Successfully retrieved odds on Bwin
It took 15.598 seconds to retrieve 1 odds. Date : 4/6/117 - 14:37
Retrieving nba games odds on Pinnacle...
Retrieving nba games odds on Winamax
Retrieving nba games odds on Betclic...
Retrieving nba games odds on Unibet...
Retrieving nba games odds on Bwin...
Successfully retrieved odds on Unibet: 
It took 4.89 seconds to retrieve 1 odds. Date : 4/6/117 - 14:45
Successfully retrieved odds on Betclic: 
It took 5.034 seconds to retrieve 1 odds. Date : 4/6/117 - 14:45
Successfully retrieved odds on Winamax
It took 5.359 seconds to retrieve 1 odds. Date : 4/6/117 - 14:45
Successfully retrieved odds on Pinnacle
It took 5.95 seconds to retrieve 1 odds. Date : 4/6/117 - 14:45
Successfully retrieved odds on Bwin
It took 7.467 seconds to retrieve 1 odds. Date : 4/6/117 - 14:45
Retrieving nba games odds on Pinnacle...
Retrieving nba games odds on Winamax
Retrieving nba games odds on Betclic...
Retrieving nba games odds on Unibet...
Retrieving nba games odds on Bwin...
Successfully retrieved odds on Unibet: 
It took 4.736 seconds to retrieve 1 odds. Date : 4/6/117 - 14:51
Successfully retrieved odds on Betclic: 
It took 5.027 seconds to retrieve 1 odds. Date : 4/6/117 - 14:51
Successfully retrieved odds on Winamax
It took 5.366 seconds to retrieve 1 odds. Date : 4/6/117 - 14:51
Successfully retrieved odds on Pinnacle
It took 6.651 seconds to retrieve 1 odds. Date : 4/6/117 - 14:51
Successfully retrieved odds on Bwin
It took 7.687 seconds to retrieve 1 odds. Date : 4/6/117 - 14:51
Retrieving nba games odds on Pinnacle...
Retrieving nba games odds on Winamax
Retrieving nba games odds on Betclic...
Retrieving nba games odds on Unibet...
Retrieving nba games odds on Bwin...
Successfully retrieved odds on Unibet: 
It took 4.502 seconds to retrieve 1 odds. Date : 4/6/117 - 14:52
Successfully retrieved odds on Betclic: 
It took 5 seconds to retrieve 1 odds. Date : 4/6/117 - 14:52
Successfully retrieved odds on Winamax
It took 5.285 seconds to retrieve 1 odds. Date : 4/6/117 - 14:52
Successfully retrieved odds on Pinnacle
It took 6.437 seconds to retrieve 1 odds. Date : 4/6/117 - 14:52
Successfully retrieved odds on Bwin
It took 7.509 seconds to retrieve 1 odds. Date : 4/6/117 - 14:52
Retrieving nba games odds on Pinnacle...
Retrieving nba games odds on Winamax
Retrieving nba games odds on Betclic...
Retrieving nba games odds on Unibet...
Retrieving nba games odds on Bwin...
Successfully retrieved odds on Unibet: 
It took 4.707 seconds to retrieve 1 odds. Date : 4/6/117 - 14:53
Successfully retrieved odds on Winamax
It took 5.239 seconds to retrieve 1 odds. Date : 4/6/117 - 14:53
Successfully retrieved odds on Betclic: 
It took 5.51 seconds to retrieve 1 odds. Date : 4/6/117 - 14:53
Successfully retrieved odds on Pinnacle
It took 6.158 seconds to retrieve 1 odds. Date : 4/6/117 - 14:53
Successfully retrieved odds on Bwin
It took 7.48 seconds to retrieve 1 odds. Date : 4/6/117 - 14:53
Retrieving nba games odds on Pinnacle...
Retrieving nba games odds on Winamax
Retrieving nba games odds on Betclic...
Retrieving nba games odds on Unibet...
Retrieving nba games odds on Bwin...
Successfully retrieved odds on Unibet: 
It took 4.97 seconds to retrieve 1 odds. Date : 4/6/117 - 14:54
Successfully retrieved odds on Winamax
It took 5.764 seconds to retrieve 1 odds. Date : 4/6/117 - 14:54
Successfully retrieved odds on Betclic: 
It took 5.802 seconds to retrieve 1 odds. Date : 4/6/117 - 14:54
Successfully retrieved odds on Pinnacle
It took 6.008 seconds to retrieve 1 odds. Date : 4/6/117 - 14:54
Successfully retrieved odds on Bwin
It took 7.79 seconds to retrieve 1 odds. Date : 4/6/117 - 14:54
Retrieving nba games odds on Pinnacle...
Retrieving nba games odds on Winamax
Retrieving nba games odds on Betclic...
Retrieving nba games odds on Unibet...
Retrieving nba games odds on Bwin...
Successfully retrieved odds on Unibet: 
It took 5.012 seconds to retrieve 1 odds. Date : 4/6/117 - 14:55
Successfully retrieved odds on Betclic: 
It took 5.204 seconds to retrieve 1 odds. Date : 4/6/117 - 14:55
Successfully retrieved odds on Winamax
It took 5.675 seconds to retrieve 1 odds. Date : 4/6/117 - 14:55
Successfully retrieved odds on Pinnacle
It took 6.025 seconds to retrieve 1 odds. Date : 4/6/117 - 14:55
Successfully retrieved odds on Bwin
It took 7.517 seconds to retrieve 1 odds. Date : 4/6/117 - 14:55
Retrieving nba games odds on Pinnacle...
Retrieving nba games odds on Winamax
Retrieving nba games odds on Betclic...
Retrieving nba games odds on Unibet...
Retrieving nba games odds on Bwin...
Successfully retrieved odds on Betclic: 
It took 5.208 seconds to retrieve 1 odds. Date : 4/6/117 - 14:56
Successfully retrieved odds on Unibet: 
It took 5.234 seconds to retrieve 1 odds. Date : 4/6/117 - 14:56
Successfully retrieved odds on Pinnacle
It took 5.606 seconds to retrieve 1 odds. Date : 4/6/117 - 14:56
Successfully retrieved odds on Winamax
It took 5.826 seconds to retrieve 1 odds. Date : 4/6/117 - 14:56
Successfully retrieved odds on Bwin
It took 7.736 seconds to retrieve 1 odds. Date : 4/6/117 - 14:56
Retrieving nba games odds on Pinnacle...
Retrieving nba games odds on Winamax
Retrieving nba games odds on Betclic...
Retrieving nba games odds on Unibet...
Retrieving nba games odds on Bwin...
Successfully retrieved odds on Unibet: 
It took 5.149 seconds to retrieve 1 odds. Date : 4/6/117 - 14:57
Successfully retrieved odds on Betclic: 
It took 5.402 seconds to retrieve 1 odds. Date : 4/6/117 - 14:57
Successfully retrieved odds on Winamax
It took 5.996 seconds to retrieve 1 odds. Date : 4/6/117 - 14:57
Successfully retrieved odds on Pinnacle
It took 6.186 seconds to retrieve 1 odds. Date : 4/6/117 - 14:57
Successfully retrieved odds on Bwin
It took 7.946 seconds to retrieve 1 odds. Date : 4/6/117 - 14:57
Retrieving nba games odds on Pinnacle...
Retrieving nba games odds on Winamax
Retrieving nba games odds on Betclic...
Retrieving nba games odds on Unibet...
Retrieving nba games odds on Bwin...
Successfully retrieved odds on Unibet: 
It took 5.419 seconds to retrieve 1 odds. Date : 4/6/117 - 14:58
Successfully retrieved odds on Pinnacle
It took 5.608 seconds to retrieve 1 odds. Date : 4/6/117 - 14:58
Successfully retrieved odds on Winamax
It took 6.022 seconds to retrieve 1 odds. Date : 4/6/117 - 14:58
Successfully retrieved odds on Betclic: 
It took 6.038 seconds to retrieve 1 odds. Date : 4/6/117 - 14:58
Successfully retrieved odds on Bwin
It took 8.047 seconds to retrieve 1 odds. Date : 4/6/117 - 14:58
Retrieving nba games odds on Pinnacle...
Retrieving nba games odds on Winamax
Retrieving nba games odds on Betclic...
Retrieving nba games odds on Unibet...
Retrieving nba games odds on Bwin...
Successfully retrieved odds on Unibet: 
It took 5.108 seconds to retrieve 1 odds. Date : 4/6/117 - 14:59
Successfully retrieved odds on Betclic: 
It took 5.311 seconds to retrieve 1 odds. Date : 4/6/117 - 14:59
Successfully retrieved odds on Pinnacle
It took 5.561 seconds to retrieve 1 odds. Date : 4/6/117 - 14:59
Successfully retrieved odds on Winamax
It took 5.707 seconds to retrieve 1 odds. Date : 4/6/117 - 14:59
Successfully retrieved odds on Bwin
It took 8.204 seconds to retrieve 1 odds. Date : 4/6/117 - 14:59
Retrieving nba games odds on Pinnacle...
Retrieving nba games odds on Winamax
Retrieving nba games odds on Betclic...
Retrieving nba games odds on Unibet...
Retrieving nba games odds on Bwin...
Successfully retrieved odds on Unibet: 
It took 5.711 seconds to retrieve 1 odds. Date : 4/6/117 - 15:0
Successfully retrieved odds on Betclic: 
It took 6.187 seconds to retrieve 1 odds. Date : 4/6/117 - 15:0
Successfully retrieved odds on Winamax
It took 6.344 seconds to retrieve 1 odds. Date : 4/6/117 - 15:0
Successfully retrieved odds on Pinnacle
It took 7.109 seconds to retrieve 1 odds. Date : 4/6/117 - 15:0
Successfully retrieved odds on Bwin
It took 8.708 seconds to retrieve 1 odds. Date : 4/6/117 - 15:0
