Retrieving nba games odds on Pinnacle...
Retrieving nba games odds on Winamax
Retrieving nba games odds on Betclic...
Retrieving nba games odds on Unibet...
Retrieving nba games odds on Bwin...
Error: Failed to load url
Successfully retrieved odds on Pinnacle
It took 12.57 seconds to retrieve 2 odds. Date : 4/6/117 - 11:52
Successfully retrieved odds on Winamax
It took 12.604 seconds to retrieve 0 odds. Date : 4/6/117 - 11:52
Successfully retrieved odds on Bwin
Retrieving nba games odds on Pinnacle...
Retrieving nba games odds on Winamax
Retrieving nba games odds on Betclic...
Retrieving nba games odds on Unibet...
Retrieving nba games odds on Bwin...
Successfully retrieved odds on Pinnacle
It took 10.762 seconds to retrieve 2 odds. Date : 4/6/117 - 11:53
Successfully retrieved odds on Winamax
It took 11.047 seconds to retrieve 0 odds. Date : 4/6/117 - 11:53
Successfully retrieved odds on Bwin
Retrieving nba games odds on Pinnacle...
Retrieving nba games odds on Winamax
Retrieving nba games odds on Betclic...
Retrieving nba games odds on Unibet...
Retrieving nba games odds on Bwin...
Successfully retrieved odds on Pinnacle
It took 10.52 seconds to retrieve 2 odds. Date : 4/6/117 - 11:54
Successfully retrieved odds on Winamax
It took 10.707 seconds to retrieve 0 odds. Date : 4/6/117 - 11:54
Successfully retrieved odds on Bwin
Retrieving nba games odds on Pinnacle...
Retrieving nba games odds on Winamax
Retrieving nba games odds on Betclic...
Retrieving nba games odds on Unibet...
Retrieving nba games odds on Bwin...
Error: Failed to load url
Successfully retrieved odds on Pinnacle
It took 11.215 seconds to retrieve 2 odds. Date : 4/6/117 - 11:55
Successfully retrieved odds on Winamax
It took 11.289 seconds to retrieve 0 odds. Date : 4/6/117 - 11:55
Successfully retrieved odds on Bwin
Retrieving nba games odds on Pinnacle...
Retrieving nba games odds on Winamax
Retrieving nba games odds on Betclic...
Retrieving nba games odds on Unibet...
Retrieving nba games odds on Bwin...
Error: Failed to load url
Successfully retrieved odds on Pinnacle
It took 12.425 seconds to retrieve 2 odds. Date : 4/6/117 - 11:56
Successfully retrieved odds on Winamax
It took 12.801 seconds to retrieve 0 odds. Date : 4/6/117 - 11:56
Successfully retrieved odds on Bwin
Retrieving nba games odds on Pinnacle...
Retrieving nba games odds on Winamax
Retrieving nba games odds on Betclic...
Retrieving nba games odds on Unibet...
Retrieving nba games odds on Bwin...
Successfully retrieved odds on Pinnacle
It took 11.321 seconds to retrieve 2 odds. Date : 4/6/117 - 11:57
Error: Failed to load url
Successfully retrieved odds on Winamax
It took 11.899 seconds to retrieve 0 odds. Date : 4/6/117 - 11:57
Successfully retrieved odds on Bwin
Retrieving nba games odds on Pinnacle...
Retrieving nba games odds on Winamax
Retrieving nba games odds on Betclic...
Retrieving nba games odds on Unibet...
Retrieving nba games odds on Bwin...
Successfully retrieved odds on Pinnacle
It took 11.498 seconds to retrieve 2 odds. Date : 4/6/117 - 11:58
Successfully retrieved odds on Winamax
It took 12.102 seconds to retrieve 0 odds. Date : 4/6/117 - 11:58
Successfully retrieved odds on Bwin
Retrieving nba games odds on Pinnacle...
Retrieving nba games odds on Winamax
Retrieving nba games odds on Betclic...
Retrieving nba games odds on Unibet...
Retrieving nba games odds on Bwin...
Retrieving nba games odds on Pinnacle...
Retrieving nba games odds on Winamax
Retrieving nba games odds on Betclic...
Retrieving nba games odds on Unibet...
Retrieving nba games odds on Bwin...
HeadlessError: Phantom Process died
HeadlessError: Phantom Process died
Error: Failed to load url
Successfully retrieved odds on Pinnacle
It took 1822.083 seconds to retrieve 2 odds. Date : 4/6/117 - 12:38
Successfully retrieved odds on Winamax
It took 1498.919 seconds to retrieve 0 odds. Date : 4/6/117 - 12:38
Successfully retrieved odds on Bwin
Retrieving nba games odds on Pinnacle...
Retrieving nba games odds on Winamax
Retrieving nba games odds on Betclic...
Retrieving nba games odds on Unibet...
Retrieving nba games odds on Bwin...
Error: Failed to load url
Successfully retrieved odds on Winamax
It took 11.908 seconds to retrieve 0 odds. Date : 4/6/117 - 13:7
Successfully retrieved odds on Pinnacle
It took 12.429 seconds to retrieve 2 odds. Date : 4/6/117 - 13:7
Successfully retrieved odds on Bwin
Retrieving nba games odds on Pinnacle...
Retrieving nba games odds on Winamax
Retrieving nba games odds on Betclic...
Retrieving nba games odds on Unibet...
Retrieving nba games odds on Bwin...
Successfully retrieved odds on Pinnacle
It took 10.274 seconds to retrieve 2 odds. Date : 4/6/117 - 13:8
Successfully retrieved odds on Winamax
It took 11.358 seconds to retrieve 0 odds. Date : 4/6/117 - 13:8
Successfully retrieved odds on Bwin
Retrieving nba games odds on Pinnacle...
Retrieving nba games odds on Winamax
Retrieving nba games odds on Betclic...
Retrieving nba games odds on Unibet...
Retrieving nba games odds on Bwin...
Error: Failed to load url
Successfully retrieved odds on Pinnacle
It took 11.118 seconds to retrieve 2 odds. Date : 4/6/117 - 13:9
Successfully retrieved odds on Winamax
It took 11.314 seconds to retrieve 0 odds. Date : 4/6/117 - 13:9
Successfully retrieved odds on Bwin
Retrieving nba games odds on Pinnacle...
Retrieving nba games odds on Winamax
Retrieving nba games odds on Betclic...
Retrieving nba games odds on Unibet...
Retrieving nba games odds on Bwin...
Successfully retrieved odds on Pinnacle
It took 11.834 seconds to retrieve 2 odds. Date : 4/6/117 - 13:10
Successfully retrieved odds on Winamax
It took 12.035 seconds to retrieve 0 odds. Date : 4/6/117 - 13:10
Successfully retrieved odds on Bwin
Retrieving nba games odds on Pinnacle...
Retrieving nba games odds on Winamax
Retrieving nba games odds on Betclic...
Retrieving nba games odds on Unibet...
Retrieving nba games odds on Bwin...
Successfully retrieved odds on Pinnacle
It took 11.476 seconds to retrieve 2 odds. Date : 4/6/117 - 13:11
Successfully retrieved odds on Winamax
It took 11.817 seconds to retrieve 0 odds. Date : 4/6/117 - 13:11
Successfully retrieved odds on Bwin
Retrieving nba games odds on Pinnacle...
Retrieving nba games odds on Winamax
Retrieving nba games odds on Betclic...
Retrieving nba games odds on Unibet...
Retrieving nba games odds on Bwin...
Successfully retrieved odds on Pinnacle
It took 11.466 seconds to retrieve 2 odds. Date : 4/6/117 - 13:12
Successfully retrieved odds on Winamax
It took 12.705 seconds to retrieve 0 odds. Date : 4/6/117 - 13:12
Successfully retrieved odds on Bwin
Retrieving nba games odds on Pinnacle...
Retrieving nba games odds on Winamax
Retrieving nba games odds on Betclic...
Retrieving nba games odds on Unibet...
Retrieving nba games odds on Bwin...
Retrieving nba games odds on Pinnacle...
Retrieving nba games odds on Winamax
Retrieving nba games odds on Betclic...
Retrieving nba games odds on Unibet...
Retrieving nba games odds on Bwin...
HeadlessError: Error parsing JSON from phantom: SyntaxError: Unexpected token E
Data from phantom was: Error 403: Directory Listing Denied
Directory listing denied
HeadlessError: Phantom Process died
Error: Failed to load url
Successfully retrieved odds on Pinnacle
It took 913.067 seconds to retrieve 2 odds. Date : 4/6/117 - 13:34
Successfully retrieved odds on Winamax
It took 656.557 seconds to retrieve 0 odds. Date : 4/6/117 - 13:34
Successfully retrieved odds on Bwin
Retrieving nba games odds on Pinnacle...
Retrieving nba games odds on Winamax
Retrieving nba games odds on Betclic...
Retrieving nba games odds on Unibet...
Retrieving nba games odds on Bwin...
Successfully retrieved odds on Winamax
It took 10.561 seconds to retrieve 0 odds. Date : 4/6/117 - 13:50
Successfully retrieved odds on Pinnacle
It took 10.972 seconds to retrieve 2 odds. Date : 4/6/117 - 13:50
Successfully retrieved odds on Bwin
Retrieving nba games odds on Pinnacle...
Retrieving nba games odds on Winamax
Retrieving nba games odds on Betclic...
Retrieving nba games odds on Unibet...
Retrieving nba games odds on Bwin...
Error: Failed to load url
Successfully retrieved odds on Pinnacle
It took 11.445 seconds to retrieve 2 odds. Date : 4/6/117 - 13:51
Successfully retrieved odds on Winamax
It took 11.542 seconds to retrieve 0 odds. Date : 4/6/117 - 13:51
Successfully retrieved odds on Bwin
Retrieving nba games odds on Pinnacle...
Retrieving nba games odds on Winamax
Retrieving nba games odds on Betclic...
Retrieving nba games odds on Unibet...
Retrieving nba games odds on Bwin...
Error: Failed to load url
Successfully retrieved odds on Pinnacle
It took 11.225 seconds to retrieve 2 odds. Date : 4/6/117 - 13:52
Successfully retrieved odds on Winamax
It took 11.588 seconds to retrieve 0 odds. Date : 4/6/117 - 13:52
Successfully retrieved odds on Bwin
Retrieving nba games odds on Pinnacle...
Retrieving nba games odds on Winamax
Retrieving nba games odds on Betclic...
Retrieving nba games odds on Unibet...
Retrieving nba games odds on Bwin...
Error: Failed to load url
Successfully retrieved odds on Pinnacle
It took 12.027 seconds to retrieve 2 odds. Date : 4/6/117 - 13:53
Successfully retrieved odds on Winamax
It took 12.389 seconds to retrieve 0 odds. Date : 4/6/117 - 13:53
Successfully retrieved odds on Bwin
Retrieving nba games odds on Pinnacle...
Retrieving nba games odds on Winamax
Retrieving nba games odds on Betclic...
Retrieving nba games odds on Unibet...
Retrieving nba games odds on Bwin...
Error: Failed to load url
Successfully retrieved odds on Pinnacle
It took 11.883 seconds to retrieve 2 odds. Date : 4/6/117 - 13:54
Successfully retrieved odds on Winamax
It took 12.012 seconds to retrieve 0 odds. Date : 4/6/117 - 13:54
Successfully retrieved odds on Bwin
Retrieving nba games odds on Pinnacle...
Retrieving nba games odds on Winamax
Retrieving nba games odds on Betclic...
Retrieving nba games odds on Unibet...
Retrieving nba games odds on Bwin...
Successfully retrieved odds on Pinnacle
It took 10.92 seconds to retrieve 2 odds. Date : 4/6/117 - 13:55
Successfully retrieved odds on Winamax
It took 12.913 seconds to retrieve 0 odds. Date : 4/6/117 - 13:55
Successfully retrieved odds on Bwin
Retrieving nba games odds on Pinnacle...
Retrieving nba games odds on Winamax
Retrieving nba games odds on Betclic...
Retrieving nba games odds on Unibet...
Retrieving nba games odds on Bwin...
HeadlessError: Error parsing JSON from phantom: SyntaxError: Unexpected token E
Data from phantom was: Error 403: Directory Listing Denied
Directory listing denied
HeadlessError: Error parsing JSON from phantom: SyntaxError: Unexpected token E
Data from phantom was: Error 403: Directory Listing Denied
Directory listing denied
Successfully retrieved odds on Pinnacle
HeadlessError: Error parsing JSON from phantom: SyntaxError: Unexpected token E
Data from phantom was: Error 403: Directory Listing Denied
Directory listing denied
HeadlessError: Phantom Process died
Retrieving nba games odds on Pinnacle...
Retrieving nba games odds on Winamax
Retrieving nba games odds on Betclic...
Retrieving nba games odds on Unibet...
Retrieving nba games odds on Bwin...
Successfully retrieved odds on Pinnacle
Error: Failed to load url
Successfully retrieved odds on Winamax
It took 10.622 seconds to retrieve 0 odds. Date : 4/6/117 - 13:57
Successfully retrieved odds on Bwin
Retrieving nba games odds on Pinnacle...
Retrieving nba games odds on Winamax
Retrieving nba games odds on Betclic...
Retrieving nba games odds on Unibet...
Retrieving nba games odds on Bwin...
Successfully retrieved odds on Pinnacle
It took 10.068 seconds to retrieve 2 odds. Date : 4/6/117 - 13:58
Successfully retrieved odds on Winamax
It took 11.103 seconds to retrieve 0 odds. Date : 4/6/117 - 13:58
Successfully retrieved odds on Bwin
Retrieving nba games odds on Pinnacle...
Retrieving nba games odds on Winamax
Retrieving nba games odds on Betclic...
Retrieving nba games odds on Unibet...
Retrieving nba games odds on Bwin...
Successfully retrieved odds on Pinnacle
It took 10.532 seconds to retrieve 2 odds. Date : 4/6/117 - 13:59
Successfully retrieved odds on Winamax
Successfully retrieved odds on Bwin
Retrieving nba games odds on Pinnacle...
Retrieving nba games odds on Winamax
Retrieving nba games odds on Betclic...
Retrieving nba games odds on Unibet...
Retrieving nba games odds on Bwin...
Successfully retrieved odds on Pinnacle
It took 10.621 seconds to retrieve 2 odds. Date : 4/6/117 - 14:0
Error: Failed to load url
Successfully retrieved odds on Winamax
It took 11.74 seconds to retrieve 0 odds. Date : 4/6/117 - 14:0
Successfully retrieved odds on Bwin
Retrieving nba games odds on Pinnacle...
Retrieving nba games odds on Winamax
Retrieving nba games odds on Betclic...
Retrieving nba games odds on Unibet...
Retrieving nba games odds on Bwin...
Successfully retrieved odds on Winamax
It took 13.019 seconds to retrieve 0 odds. Date : 4/6/117 - 14:1
Successfully retrieved odds on Pinnacle
It took 13.194 seconds to retrieve 2 odds. Date : 4/6/117 - 14:1
Successfully retrieved odds on Bwin
Retrieving nba games odds on Pinnacle...
Retrieving nba games odds on Winamax
Retrieving nba games odds on Betclic...
Retrieving nba games odds on Unibet...
Retrieving nba games odds on Bwin...
Retrieving nba games odds on Pinnacle...
Retrieving nba games odds on Winamax
Retrieving nba games odds on Betclic...
Retrieving nba games odds on Unibet...
Retrieving nba games odds on Bwin...
HeadlessError: Error parsing JSON from phantom: SyntaxError: Unexpected token E
Data from phantom was: Error 403: Directory Listing Denied
Directory listing denied
HeadlessError: Phantom Process died
HeadlessError: Phantom Process died
Error: Failed to load url
Successfully retrieved odds on Pinnacle
It took 12.177 seconds to retrieve 2 odds. Date : 4/6/117 - 14:3
Successfully retrieved odds on Winamax
It took 12.365 seconds to retrieve 0 odds. Date : 4/6/117 - 14:3
Successfully retrieved odds on Bwin
Retrieving nba games odds on Pinnacle...
Retrieving nba games odds on Winamax
Retrieving nba games odds on Betclic...
Retrieving nba games odds on Unibet...
Retrieving nba games odds on Bwin...
Successfully retrieved odds on Pinnacle
It took 10.248 seconds to retrieve 2 odds. Date : 4/6/117 - 14:4
Successfully retrieved odds on Winamax
It took 10.924 seconds to retrieve 0 odds. Date : 4/6/117 - 14:4
Successfully retrieved odds on Bwin
Retrieving nba games odds on Pinnacle...
Retrieving nba games odds on Winamax
Retrieving nba games odds on Betclic...
Retrieving nba games odds on Unibet...
Retrieving nba games odds on Bwin...
Successfully retrieved odds on Pinnacle
It took 10.632 seconds to retrieve 2 odds. Date : 4/6/117 - 14:5
Error: Failed to load url
Successfully retrieved odds on Winamax
It took 11.657 seconds to retrieve 0 odds. Date : 4/6/117 - 14:5
Successfully retrieved odds on Bwin
Retrieving nba games odds on Pinnacle...
Retrieving nba games odds on Winamax
Retrieving nba games odds on Betclic...
Retrieving nba games odds on Unibet...
Retrieving nba games odds on Bwin...
Successfully retrieved odds on Pinnacle
Error: Failed to load url
Successfully retrieved odds on Winamax
It took 11.659 seconds to retrieve 0 odds. Date : 4/6/117 - 14:6
Successfully retrieved odds on Bwin
Retrieving nba games odds on Pinnacle...
Retrieving nba games odds on Winamax
Retrieving nba games odds on Betclic...
Retrieving nba games odds on Unibet...
Retrieving nba games odds on Bwin...
Error: Failed to load url
Successfully retrieved odds on Pinnacle
It took 11.331 seconds to retrieve 2 odds. Date : 4/6/117 - 14:7
Successfully retrieved odds on Winamax
It took 11.407 seconds to retrieve 0 odds. Date : 4/6/117 - 14:7
Successfully retrieved odds on Bwin
Retrieving nba games odds on Pinnacle...
Retrieving nba games odds on Winamax
Retrieving nba games odds on Betclic...
Retrieving nba games odds on Unibet...
Retrieving nba games odds on Bwin...
Successfully retrieved odds on Pinnacle
It took 11.113 seconds to retrieve 2 odds. Date : 4/6/117 - 14:8
Successfully retrieved odds on Winamax
It took 12.326 seconds to retrieve 0 odds. Date : 4/6/117 - 14:8
Successfully retrieved odds on Bwin
Retrieving nba games odds on Pinnacle...
Retrieving nba games odds on Winamax
Retrieving nba games odds on Betclic...
Retrieving nba games odds on Unibet...
Retrieving nba games odds on Bwin...
Retrieving nba games odds on Pinnacle...
Retrieving nba games odds on Unibet...
Retrieving nba games odds on Bwin...
Retrieving nba games odds on Winamax
Retrieving nba games odds on Betclic...
HeadlessError: Phantom Process died
HeadlessError: Error parsing JSON from phantom: SyntaxError: Unexpected token E
Data from phantom was: Error 403: Directory Listing Denied
Directory listing denied
HeadlessError: Error parsing JSON from phantom: SyntaxError: Unexpected token E
Data from phantom was: Error 403: Directory Listing Denied
Directory listing denied
Error: Failed to load url
Successfully retrieved odds on Pinnacle
It took 1576.996 seconds to retrieve 2 odds. Date : 4/6/117 - 14:37
Successfully retrieved odds on Winamax
It took 1301.14 seconds to retrieve 0 odds. Date : 4/6/117 - 14:37
Successfully retrieved odds on Bwin
Retrieving nba games odds on Pinnacle...
Retrieving nba games odds on Winamax
Retrieving nba games odds on Betclic...
Retrieving nba games odds on Unibet...
Retrieving nba games odds on Bwin...
Retrieving nba games odds on Pinnacle...
Retrieving nba games odds on Winamax
Retrieving nba games odds on Betclic...
Retrieving nba games odds on Unibet...
Retrieving nba games odds on Bwin...
Successfully retrieved odds on Winamax
It took 6.797 seconds to retrieve 0 odds. Date : 4/6/117 - 14:44
Successfully retrieved odds on Pinnacle
It took 7.937 seconds to retrieve 2 odds. Date : 4/6/117 - 14:44
Successfully retrieved odds on Bwin
Retrieving nba games odds on Pinnacle...
Retrieving nba games odds on Winamax
Retrieving nba games odds on Betclic...
Retrieving nba games odds on Unibet...
Retrieving nba games odds on Bwin...
Successfully retrieved odds on Winamax
It took 4.821 seconds to retrieve 0 odds. Date : 4/6/117 - 14:46
Successfully retrieved odds on Pinnacle
It took 5.413 seconds to retrieve 2 odds. Date : 4/6/117 - 14:46
Successfully retrieved odds on Bwin
Retrieving nba games odds on Pinnacle...
Retrieving nba games odds on Winamax
Retrieving nba games odds on Betclic...
Retrieving nba games odds on Unibet...
Retrieving nba games odds on Bwin...
Successfully retrieved odds on Winamax
It took 7.123 seconds to retrieve 0 odds. Date : 4/6/117 - 14:49
Successfully retrieved odds on Pinnacle
It took 8.103 seconds to retrieve 2 odds. Date : 4/6/117 - 14:49
Retrieving nba games odds on Pinnacle...
Retrieving nba games odds on Winamax
Retrieving nba games odds on Betclic...
Retrieving nba games odds on Unibet...
Retrieving nba games odds on Bwin...
Successfully retrieved odds on Winamax
It took 6.937 seconds to retrieve 0 odds. Date : 4/6/117 - 14:49
Successfully retrieved odds on Pinnacle
It took 7.714 seconds to retrieve 2 odds. Date : 4/6/117 - 14:49
Retrieving nba games odds on Pinnacle...
Retrieving nba games odds on Winamax
Retrieving nba games odds on Betclic...
Retrieving nba games odds on Unibet...
Retrieving nba games odds on Bwin...
Successfully retrieved odds on Winamax
It took 7.428 seconds to retrieve 0 odds. Date : 4/6/117 - 14:50
Successfully retrieved odds on Pinnacle
It took 7.88 seconds to retrieve 2 odds. Date : 4/6/117 - 14:50
Retrieving nba games odds on Pinnacle...
Retrieving nba games odds on Winamax
Retrieving nba games odds on Betclic...
Retrieving nba games odds on Unibet...
Retrieving nba games odds on Bwin...
Successfully retrieved odds on Winamax
It took 5.655 seconds to retrieve 0 odds. Date : 4/6/117 - 14:51
Successfully retrieved odds on Pinnacle
It took 6.256 seconds to retrieve 2 odds. Date : 4/6/117 - 14:51
Retrieving nba games odds on Pinnacle...
Retrieving nba games odds on Winamax
Retrieving nba games odds on Betclic...
Retrieving nba games odds on Unibet...
Retrieving nba games odds on Bwin...
Successfully retrieved odds on Winamax
It took 5.265 seconds to retrieve 0 odds. Date : 4/6/117 - 14:52
Successfully retrieved odds on Pinnacle
It took 6.294 seconds to retrieve 2 odds. Date : 4/6/117 - 14:52
Retrieving nba games odds on Pinnacle...
Retrieving nba games odds on Winamax
Retrieving nba games odds on Betclic...
Retrieving nba games odds on Unibet...
Retrieving nba games odds on Bwin...
Successfully retrieved odds on Winamax
It took 5.46 seconds to retrieve 0 odds. Date : 4/6/117 - 14:53
Successfully retrieved odds on Pinnacle
It took 6.143 seconds to retrieve 2 odds. Date : 4/6/117 - 14:53
Retrieving nba games odds on Pinnacle...
Retrieving nba games odds on Winamax
Retrieving nba games odds on Betclic...
Retrieving nba games odds on Unibet...
Retrieving nba games odds on Bwin...
Successfully retrieved odds on Winamax
It took 5.341 seconds to retrieve 0 odds. Date : 4/6/117 - 14:54
Successfully retrieved odds on Pinnacle
It took 5.886 seconds to retrieve 2 odds. Date : 4/6/117 - 14:54
Retrieving nba games odds on Pinnacle...
Retrieving nba games odds on Winamax
Retrieving nba games odds on Betclic...
Retrieving nba games odds on Unibet...
Retrieving nba games odds on Bwin...
Successfully retrieved odds on Pinnacle
It took 6.003 seconds to retrieve 2 odds. Date : 4/6/117 - 14:55
Successfully retrieved odds on Winamax
It took 6.056 seconds to retrieve 0 odds. Date : 4/6/117 - 14:55
Retrieving nba games odds on Pinnacle...
Retrieving nba games odds on Winamax
Retrieving nba games odds on Betclic...
Retrieving nba games odds on Unibet...
Retrieving nba games odds on Bwin...
Successfully retrieved odds on Winamax
It took 5.598 seconds to retrieve 0 odds. Date : 4/6/117 - 14:56
Successfully retrieved odds on Pinnacle
It took 5.803 seconds to retrieve 2 odds. Date : 4/6/117 - 14:56
Retrieving nba games odds on Pinnacle...
Retrieving nba games odds on Winamax
Retrieving nba games odds on Betclic...
Retrieving nba games odds on Unibet...
Retrieving nba games odds on Bwin...
Successfully retrieved odds on Winamax
It took 5.795 seconds to retrieve 0 odds. Date : 4/6/117 - 14:57
Successfully retrieved odds on Pinnacle
It took 6.458 seconds to retrieve 2 odds. Date : 4/6/117 - 14:57
Retrieving nba games odds on Pinnacle...
Retrieving nba games odds on Winamax
Retrieving nba games odds on Betclic...
Retrieving nba games odds on Unibet...
Retrieving nba games odds on Bwin...
Successfully retrieved odds on Winamax
It took 6.124 seconds to retrieve 0 odds. Date : 4/6/117 - 14:58
Successfully retrieved odds on Pinnacle
It took 6.867 seconds to retrieve 2 odds. Date : 4/6/117 - 14:58
Retrieving nba games odds on Pinnacle...
Retrieving nba games odds on Winamax
Retrieving nba games odds on Betclic...
Retrieving nba games odds on Unibet...
Retrieving nba games odds on Bwin...
Successfully retrieved odds on Winamax
It took 6.164 seconds to retrieve 0 odds. Date : 4/6/117 - 14:59
Successfully retrieved odds on Pinnacle
It took 6.474 seconds to retrieve 2 odds. Date : 4/6/117 - 14:59
